<?xml version="1.0" encoding="UTF-8"?>
<!-- Generated by org.testng.reporters.JUnitReportReporter -->
<testsuite skipped="0" hostname="LAPTOP-F0VEO623" name="com.delete.Calculator" tests="1" failures="0" timestamp="06 Oct 2020 11:00:15 GMT" time="4.360" errors="0">
  <testcase name="Login" time="4.360" classname="com.delete.Calculator"/>
</testsuite> <!-- com.delete.Calculator -->
